-898599
-909603
-166081
-250349
-129771
-460679
-634982
-182459
-449157
-857296
-753724
-692083
-814419
-851829
-768338
-514425
-561093
-24148
-886490
-692515
-951064
-269500
-698901
-288223
12594
-218655
-539809
-839544
-401168
-224891
-99940
-695690
-950188
-368660
-216842
-448800
-441713
-671644
6396
-450586
-132252
-788960
-814364
-439340
-183662
-172232
14151
-552619
-901129
-740468
-545145
-461431
-643003
-749731
-807056
-611982
-807421
-558779
-160966
-166519
-975428
-892326
-858097
-135925
-882240
-522590
-838267
-529401
-898428
6751
-274796
-170854
-918302
6098
-921636
-151915
-977725
-655662
-384913
10386
-986910
-970825
-478118
3949
-695145
-815925
-313102
-673417
6990
-70961
-131774
-638801
-966879
-657550
-339056
-660952
-457236
-332822
-845807
-265069
5459
-722898
-835962
12569
-581064
4049
-458535
-610887
-837550
1903
-359810
-567747
-379606
-699820
-760344
-88238
-646638
-882720
-428079
-512108
-278923
-629697
-188081
2574
-935962
8194
-936485
-771507
-757345
-399257
-721723
-993868
-675934
-686958
-935592
-542168
-465467
-896667
-738853
-805763
-428645
-885157
-800877
-601191
-524997
-829686
-745733
-182457
-952900
-688954
-653713
-953301
-796608
-412514
-848799
-969726
-445684
-968955
-786979
-851905
-974859
-898443
-487383
-172815
6003
-751692
-978905
9793
-758919
-894923
-502785
-553862
-921460
-488556
-764374
-744421
-154965
-605173
10034
-455778
-882044
12864
-532205
-460171
-422602
-43909
-606915
-460444
-953398
-171642
-377213
-473064
-673261
5132
-370506
-348470
-811836
10838
-677861
-914800
49 60528
