A: abcdeghjlmnopqstuvwxyz
B: abcdeghjlmnopqstuvwxyz
C: abcdeghjlmnopqstuvwxyz
D: abcdeghjlmnopqstuvwxyz
E: abcdeghjlmnopqstuvwxyz
F: abcdeghjlmnopqstuvwxyz
G: abcdeghjlmnopqstuvwxyz
H: abcdeghjlmnopqstuvwxyz
I: abcdeghjlmnopqstuvwxyz
J: abcdeghjlmnopqstuvwxyz
K: abcdeghjlmnopqstuvwxyz
L: abcdeghjlmnopqstuvwxyz
M: abcdeghjlmnopqstuvwxyz
N: abcdeghjlmnopqstuvwxyz
O: abcdeghjlmnopqstuvwxyz
P: abcdeghjlmnopqstuvwxyz
Q: abcdeghjlmnopqstuvwxyz
R: abcdeghjlmnopqstuvwxyz
S: abcdeghjlmnopqstuvwxyz
T: abcdefghjklmnopqrstuvwxyz
U: abcdeghjlmnopqstuvwxyz
V: ghl
W: abcdeghjlmnopqstuvwxyz
X: abcdeghjlmnopqstuvwxyz
Y: abcdeghjlmnopqstuvwxyz
Z: abcdeghjlmnopqstuvwxyz
