A: abcdefghjklmnopqrstuvwxyz
B: abcdefghjklmnopqrstuvwxyz
C: abcdefghjklmnopqrstuvwxyz
D: abcdefghjklmnopqrstuvwxyz
E: abcdefghjklmnopqrstuvwxyz
F: abcdefghjklmnopqrstuvwxyz
G: abcdefghjklmnopqrstuvwxyz
H: abcdefghjklmnopqrstuvwxyz
I: abcdefghjklmnopqrstuvwxyz
J: abcdefghjklmnopqrstuvwxyz
K: abcdefghjklmnopqrstuvwxyz
L: abcdefghjklmnopqrstuvwxyz
M: abcdefghjklmnopqrstuvwxyz
N: abcdefghjklmnopqrstuvwxyz
O: abcdefghjklmnopqrstuvwxyz
P: abcdefghjklmnopqrstuvwxyz
Q: abcdefghjklmnopqrstuvwxyz
R: abcdefghjklmnopqrstuvwxyz
S: abcdefghjklmnopqrstuvwxyz
T: abcdefghjklmnopqrstuvwxyz
U: abcdefghjklmnopqrstuvwxyz
V: ghl
W: abcdefghjklmnopqrstuvwxyz
X: abcdefghjklmnopqrstuvwxyz
Y: abcdefghjklmnopqrstuvwxyz
Z: abcdefghjklmnopqrstuvwxyz
